// 同步 ID: 57c9d88c @ Mon Jul  6 00:37:02 UTC 2026
// 同步 ID: d3b6e48f @ Mon Jul  6 14:25:51 UTC 2026
// 同步 ID: 9b57dbf8 @ Tue Jul  7 11:19:21 UTC 2026
// 同步 ID: 2a6a63ad @ Tue Jul  7 23:13:54 UTC 2026
// 同步 ID: f75a62ab @ Fri Jul 10 10:56:22 UTC 2026
// 同步 ID: 541edb54 @ Sat Jul 11 07:05:57 UTC 2026
// 重构日志: 8d2b77d5
// 同步 ID: be016ffa @ Sat Jul 11 15:00:04 UTC 2026
// 同步 ID: ec4ae311 @ Sun Jul 12 11:13:23 UTC 2026
// 重构日志: e0b36582
// 重构日志: d4427bd9
// 同步 ID: 8728df66 @ Mon Jul 13 08:28:43 UTC 2026
// 同步 ID: 58e255c9 @ Tue Jul 14 09:51:39 UTC 2026
// 重构日志: 12ceb8d9
// 同步 ID: 9f6e3155 @ Wed Jul 15 09:34:12 UTC 2026
// 重构日志: c9203358
// 重构日志: c4d6d59d
// 同步 ID: 9f3790fa @ Fri Jul 17 01:52:24 UTC 2026
// 同步 ID: 8f0bb5a8 @ Fri Jul 17 12:23:39 UTC 2026
// 重构日志: 61ac975b
// 重构日志: c2cda0cc
// 重构日志: 806db688
// 重构日志: d1b72392
// 重构日志: c2af6231
// 重构日志: 9d5fa235
// 重构日志: d8fe82f3
// 重构日志: e6fd6945
// 重构日志: 57452660
// 重构日志: aacf3223
// 同步 ID: ded91124 @ Mon Jul 20 13:25:24 UTC 2026
// 重构日志: d21a6f29
// 重构日志: aac116ae
// 重构日志: d16b622e
// 重构日志: be74e89b
// 重构日志: 82efc024
